[debug] [2025-10-06T01:58:15.763Z] ----------------------------------------------------------------------
[debug] [2025-10-06T01:58:15.768Z] Command:       C:\Program Files\nodejs\node.exe C:\Users\aravi\AppData\Roaming\npm\node_modules\firebase-tools\lib\bin\firebase.js deploy --only functions
[debug] [2025-10-06T01:58:15.768Z] CLI Version:   14.18.0
[debug] [2025-10-06T01:58:15.768Z] Platform:      win32
[debug] [2025-10-06T01:58:15.769Z] Node Version:  v22.20.0
[debug] [2025-10-06T01:58:15.769Z] Time:          Sun Oct 05 2025 18:58:15 GMT-0700 (Pacific Daylight Time)
[debug] [2025-10-06T01:58:15.769Z] ----------------------------------------------------------------------
[debug] 
[debug] [2025-10-06T01:58:16.154Z] > command requires scopes: ["email","openid","https://www.googleapis.com/auth/cloudplatformprojects.readonly","https://www.googleapis.com/auth/firebase","https://www.googleapis.com/auth/cloud-platform"]
[debug] [2025-10-06T01:58:16.155Z] > authorizing via signed-in user (aravindbala2055@gmail.com)
[debug] [2025-10-06T01:58:16.155Z] [iam] checking project skynetknowledgebase for permissions ["cloudfunctions.functions.create","cloudfunctions.functions.delete","cloudfunctions.functions.get","cloudfunctions.functions.list","cloudfunctions.functions.update","cloudfunctions.operations.get","firebase.projects.get"]
[debug] [2025-10-06T01:58:16.156Z] Checked if tokens are valid: true, expires at: 1759717466400
[debug] [2025-10-06T01:58:16.157Z] Checked if tokens are valid: true, expires at: 1759717466400
[debug] [2025-10-06T01:58:16.159Z] >>> [apiv2][query] POST https://cloudresourcemanager.googleapis.com/v1/projects/skynetknowledgebase:testIamPermissions [none]
[debug] [2025-10-06T01:58:16.159Z] >>> [apiv2][(partial)header] POST https://cloudresourcemanager.googleapis.com/v1/projects/skynetknowledgebase:testIamPermissions x-goog-quota-user=projects/skynetknowledgebase
[debug] [2025-10-06T01:58:16.159Z] >>> [apiv2][body] POST https://cloudresourcemanager.googleapis.com/v1/projects/skynetknowledgebase:testIamPermissions {"permissions":["cloudfunctions.functions.create","cloudfunctions.functions.delete","cloudfunctions.functions.get","cloudfunctions.functions.list","cloudfunctions.functions.update","cloudfunctions.operations.get","firebase.projects.get"]}
[debug] [2025-10-06T01:58:16.292Z] <<< [apiv2][status] POST https://cloudresourcemanager.googleapis.com/v1/projects/skynetknowledgebase:testIamPermissions 200
[debug] [2025-10-06T01:58:16.293Z] <<< [apiv2][body] POST https://cloudresourcemanager.googleapis.com/v1/projects/skynetknowledgebase:testIamPermissions {"permissions":["cloudfunctions.functions.create","cloudfunctions.functions.delete","cloudfunctions.functions.get","cloudfunctions.functions.list","cloudfunctions.functions.update","cloudfunctions.operations.get","firebase.projects.get"]}
[debug] [2025-10-06T01:58:16.293Z] Checked if tokens are valid: true, expires at: 1759717466400
[debug] [2025-10-06T01:58:16.293Z] Checked if tokens are valid: true, expires at: 1759717466400
[debug] [2025-10-06T01:58:16.293Z] >>> [apiv2][query] POST https://iam.googleapis.com/v1/projects/skynetknowledgebase/serviceAccounts/skynetknowledgebase@appspot.gserviceaccount.com:testIamPermissions [none]
[debug] [2025-10-06T01:58:16.293Z] >>> [apiv2][body] POST https://iam.googleapis.com/v1/projects/skynetknowledgebase/serviceAccounts/skynetknowledgebase@appspot.gserviceaccount.com:testIamPermissions {"permissions":["iam.serviceAccounts.actAs"]}
[debug] [2025-10-06T01:58:16.411Z] <<< [apiv2][status] POST https://iam.googleapis.com/v1/projects/skynetknowledgebase/serviceAccounts/skynetknowledgebase@appspot.gserviceaccount.com:testIamPermissions 200
[debug] [2025-10-06T01:58:16.411Z] <<< [apiv2][body] POST https://iam.googleapis.com/v1/projects/skynetknowledgebase/serviceAccounts/skynetknowledgebase@appspot.gserviceaccount.com:testIamPermissions {"permissions":["iam.serviceAccounts.actAs"]}
[info] 
[info] === Deploying to 'skynetknowledgebase'...
[info] 
[info] i  deploying functions 
[debug] [2025-10-06T01:58:16.419Z] Checked if tokens are valid: true, expires at: 1759717466400
[debug] [2025-10-06T01:58:16.419Z] Checked if tokens are valid: true, expires at: 1759717466400
[debug] [2025-10-06T01:58:16.419Z] >>> [apiv2][query] GET https://cloudresourcemanager.googleapis.com/v1/projects/skynetknowledgebase [none]
[debug] [2025-10-06T01:58:16.507Z] <<< [apiv2][status] GET https://cloudresourcemanager.googleapis.com/v1/projects/skynetknowledgebase 200
[debug] [2025-10-06T01:58:16.508Z] <<< [apiv2][body] GET https://cloudresourcemanager.googleapis.com/v1/projects/skynetknowledgebase {"projectNumber":"720782177041","projectId":"skynetknowledgebase","lifecycleState":"ACTIVE","name":"skynetknowledgebase","labels":{"firebase":"enabled","firebase-core":"disabled"},"createTime":"2025-10-05T19:04:14.783380Z"}
[info] i  functions: preparing codebase default for deployment 
[info] i  functions: ensuring required API cloudfunctions.googleapis.com is enabled... 
[info] i  functions: ensuring required API cloudbuild.googleapis.com is enabled... 
[info] i  artifactregistry: ensuring required API artifactregistry.googleapis.com is enabled... 
[debug] [2025-10-06T01:58:16.515Z] Checked if tokens are valid: true, expires at: 1759717466400
[debug] [2025-10-06T01:58:16.516Z] Checked if tokens are valid: true, expires at: 1759717466400
[debug] [2025-10-06T01:58:16.516Z] >>> [apiv2][query] GET https://firebase.googleapis.com/v1beta1/projects/skynetknowledgebase/adminSdkConfig [none]
[debug] [2025-10-06T01:58:16.875Z] <<< [apiv2][status] GET https://firebase.googleapis.com/v1beta1/projects/skynetknowledgebase/adminSdkConfig 200
[debug] [2025-10-06T01:58:16.875Z] <<< [apiv2][body] GET https://firebase.googleapis.com/v1beta1/projects/skynetknowledgebase/adminSdkConfig {"projectId":"skynetknowledgebase","databaseURL":"https://skynetknowledgebase-default-rtdb.firebaseio.com","storageBucket":"skynetknowledgebase.firebasestorage.app"}
[debug] [2025-10-06T01:58:16.877Z] Checked if tokens are valid: true, expires at: 1759717466400
[debug] [2025-10-06T01:58:16.877Z] Checked if tokens are valid: true, expires at: 1759717466400
[debug] [2025-10-06T01:58:16.878Z] >>> [apiv2][query] GET https://runtimeconfig.googleapis.com/v1beta1/projects/skynetknowledgebase/configs [none]
[debug] [2025-10-06T01:58:16.987Z] <<< [apiv2][status] GET https://runtimeconfig.googleapis.com/v1beta1/projects/skynetknowledgebase/configs 200
[debug] [2025-10-06T01:58:16.988Z] <<< [apiv2][body] GET https://runtimeconfig.googleapis.com/v1beta1/projects/skynetknowledgebase/configs {}
[debug] [2025-10-06T01:58:16.990Z] Customer code is not Node
[debug] [2025-10-06T01:58:16.992Z] Validating python source
[debug] [2025-10-06T01:58:16.992Z] Building python source
[info] i  functions: Loading and analyzing source code for codebase default to determine what to deploy 
[debug] [2025-10-06T01:58:16.995Z] Could not find functions.yaml. Must use http discovery
[debug] [2025-10-06T01:58:17.012Z] Running command with virtualenv: command="C:\Users\aravi\Documents\NASA_SpaceApps_Hackathon\nasa-hackathon-2025\functions\venv\Scripts\activate.bat", args=["","&&","python.exe","-c","\"import firebase_functions; import os; print(os.path.dirname(firebase_functions.__file__))\""]
[debug] [2025-10-06T01:58:17.063Z] stderr: The system cannot find the path specified.

[debug] [2025-10-06T01:58:17.077Z] Error: spawn "C:\Users\aravi\Documents\NASA_SpaceApps_Hackathon\nasa-hackathon-2025\functions\venv\Scripts\activate.bat" ENOENT
    at notFoundError (C:\Users\aravi\AppData\Roaming\npm\node_modules\firebase-tools\node_modules\cross-spawn\lib\enoent.js:6:26)
    at verifyENOENT (C:\Users\aravi\AppData\Roaming\npm\node_modules\firebase-tools\node_modules\cross-spawn\lib\enoent.js:40:16)
    at cp.emit (C:\Users\aravi\AppData\Roaming\npm\node_modules\firebase-tools\node_modules\cross-spawn\lib\enoent.js:27:25)
    at ChildProcess._handle.onexit (node:internal/child_process:293:12)
[error] 
[error] Error: An unexpected error has occurred.
